TN:
SF:src\app\controllers\PetController.js
FN:1,Object.<anonymous>
FN:3,_interopRequireDefault
FN:11,index
FN:24,show
FN:40,update
FN:78,store
FN:112,delete
FNF:7
FNH:7
FNDA:1,Object.<anonymous>
FNDA:1,_interopRequireDefault
FNDA:2,index
FNDA:2,show
FNDA:1,update
FNDA:11,store
FNDA:1,delete
DA:1,1
DA:2,1
DA:3,1
DA:4,1
DA:5,1
DA:6,1
DA:7,1
DA:8,1
DA:9,1
DA:10,1
DA:11,1
DA:12,2
DA:13,2
DA:14,2
DA:15,2
DA:16,2
DA:17,2
DA:18,2
DA:19,1
DA:20,1
DA:21,1
DA:22,1
DA:23,2
DA:24,1
DA:25,2
DA:26,2
DA:27,2
DA:28,2
DA:29,2
DA:30,2
DA:31,1
DA:32,1
DA:33,2
DA:34,0
DA:35,0
DA:36,0
DA:37,0
DA:38,0
DA:39,0
DA:40,1
DA:41,1
DA:42,1
DA:43,1
DA:44,1
DA:45,1
DA:46,1
DA:47,1
DA:48,1
DA:49,1
DA:50,1
DA:51,1
DA:52,1
DA:53,0
DA:54,0
DA:55,0
DA:56,0
DA:57,0
DA:58,1
DA:59,1
DA:60,1
DA:61,0
DA:62,0
DA:63,0
DA:64,1
DA:65,1
DA:66,1
DA:67,1
DA:68,1
DA:69,1
DA:70,1
DA:71,1
DA:72,1
DA:73,1
DA:74,0
DA:75,1
DA:76,1
DA:77,1
DA:78,1
DA:79,11
DA:80,11
DA:81,11
DA:82,11
DA:83,11
DA:84,11
DA:85,11
DA:86,11
DA:87,2
DA:88,2
DA:89,2
DA:90,2
DA:91,2
DA:92,9
DA:93,9
DA:94,9
DA:95,11
DA:96,1
DA:97,11
DA:98,8
DA:99,8
DA:100,8
DA:101,8
DA:102,8
DA:103,8
DA:104,8
DA:105,8
DA:106,8
DA:107,11
DA:108,0
DA:109,11
DA:110,1
DA:111,1
DA:112,1
DA:113,1
LF:113
LH:97
BRDA:1,0,0,1
BRDA:1,1,0,1
BRDA:3,2,0,1
BRDA:6,3,0,0
BRDA:11,4,0,2
BRDA:18,5,0,1
BRDA:24,6,0,2
BRDA:30,7,0,1
BRDA:33,8,0,0
BRDA:40,9,0,1
BRDA:53,10,0,0
BRDA:61,11,0,0
BRDA:74,12,0,0
BRDA:77,13,0,0
BRDA:78,14,0,11
BRDA:85,15,0,10
BRDA:85,16,0,10
BRDA:85,17,0,10
BRDA:86,18,0,10
BRDA:86,19,0,2
BRDA:92,20,0,9
BRDA:95,21,0,1
BRDA:97,22,0,8
BRDA:107,23,0,0
BRDA:112,24,0,1
BRF:25
BRH:18
end_of_record
TN:
SF:src\app\middlewares\index.js
FN:1,Object.<anonymous>
FNF:1
FNH:1
FNDA:1,Object.<anonymous>
DA:1,1
DA:2,1
DA:3,1
LF:3
LH:3
BRDA:1,0,0,1
BRDA:1,1,0,1
BRF:2
BRH:2
end_of_record
TN:
SF:src\app\middlewares\log.js
FN:1,Object.<anonymous>
FN:2,Object.<anonymous>.exports.default
FNF:2
FNH:2
FNDA:1,Object.<anonymous>
FNDA:19,Object.<anonymous>.exports.default
DA:1,1
DA:2,1
DA:3,19
DA:4,19
DA:5,19
DA:6,19
DA:7,19
LF:7
LH:7
BRDA:1,0,0,1
BRDA:1,1,0,1
BRDA:2,2,0,19
BRF:3
BRH:3
end_of_record
TN:
SF:src\app\models\Pet.js
FN:1,Object.<anonymous>
FN:4,_interopRequireDefault
FN:14,init
FNF:3
FNH:3
FNDA:1,Object.<anonymous>
FNDA:1,_interopRequireDefault
FNDA:1,init
DA:1,1
DA:2,1
DA:3,1
DA:4,1
DA:5,1
DA:6,1
DA:7,1
DA:8,1
DA:9,1
DA:10,1
DA:11,1
DA:12,1
DA:13,1
DA:14,1
DA:15,1
DA:16,1
DA:17,1
DA:18,1
DA:19,1
DA:20,1
DA:21,1
DA:22,1
DA:23,1
DA:24,1
DA:25,1
DA:26,1
DA:27,1
DA:28,1
DA:29,1
DA:30,1
DA:31,1
DA:32,1
DA:33,1
DA:34,1
DA:35,1
DA:36,1
DA:37,1
DA:38,1
DA:39,1
DA:40,1
DA:41,1
DA:42,1
DA:43,1
DA:44,1
DA:45,1
DA:46,1
DA:47,1
DA:48,1
DA:49,1
DA:50,1
DA:51,1
LF:51
LH:51
BRDA:1,0,0,1
BRDA:1,1,0,1
BRDA:4,2,0,1
BRDA:7,3,0,0
BRDA:14,4,0,1
BRF:5
BRH:4
end_of_record
TN:
SF:src\app\repositories\PetRepository.js
FN:1,Object.<anonymous>
FN:4,_interopRequireDefault
FN:14,getOne
FN:20,getAll
FN:33,create
FN:43,setUpdate
FNF:6
FNH:6
FNDA:1,Object.<anonymous>
FNDA:1,_interopRequireDefault
FNDA:2,getOne
FNDA:2,getAll
FNDA:8,create
FNDA:1,setUpdate
DA:1,1
DA:2,1
DA:3,1
DA:4,1
DA:5,1
DA:6,1
DA:7,1
DA:8,1
DA:9,1
DA:10,1
DA:11,1
DA:12,1
DA:13,1
DA:14,1
DA:15,2
DA:16,2
DA:17,2
DA:18,2
DA:19,1
DA:20,1
DA:21,2
DA:22,2
DA:23,2
DA:24,2
DA:25,2
DA:26,2
DA:27,2
DA:28,2
DA:29,1
DA:30,1
DA:31,1
DA:32,1
DA:33,1
DA:34,8
DA:35,8
DA:36,8
DA:37,8
DA:38,8
DA:39,8
DA:40,8
DA:41,8
DA:42,8
DA:43,1
DA:44,1
DA:45,1
DA:46,1
DA:47,1
DA:48,1
DA:49,1
DA:50,1
DA:51,1
DA:52,1
DA:53,1
DA:54,1
DA:55,1
DA:56,1
DA:57,1
DA:58,1
DA:59,1
DA:60,1
DA:61,1
DA:62,1
DA:63,1
DA:64,1
DA:65,1
DA:66,1
DA:67,1
LF:67
LH:67
BRDA:1,0,0,1
BRDA:1,1,0,1
BRDA:4,2,0,1
BRDA:10,3,0,0
BRDA:14,4,0,2
BRDA:20,5,0,2
BRDA:28,6,0,1
BRDA:33,7,0,8
BRDA:43,8,0,1
BRF:9
BRH:8
end_of_record
TN:
SF:src\app\routes\index.js
FN:1,Object.<anonymous>
FNF:1
FNH:1
FNDA:1,Object.<anonymous>
DA:1,1
DA:2,1
DA:3,1
LF:3
LH:3
BRDA:1,0,0,1
BRDA:1,1,0,1
BRF:2
BRH:2
end_of_record
TN:
SF:src\app\routes\pet.js
FN:1,Object.<anonymous>
FN:3,_interopRequireDefault
FNF:2
FNH:2
FNDA:1,Object.<anonymous>
FNDA:1,_interopRequireDefault
DA:1,1
DA:2,1
DA:3,1
DA:4,1
DA:5,1
DA:6,1
DA:7,1
DA:8,1
DA:9,1
DA:10,1
DA:11,1
DA:12,1
DA:13,1
LF:13
LH:13
BRDA:1,0,0,1
BRDA:1,1,0,1
BRDA:3,2,0,1
BRDA:7,3,0,0
BRF:4
BRH:3
end_of_record
